<?xml version="1.0" encoding="UTF-8"?>
<testng-results ignored="0" total="1" passed="1" failed="0" skipped="0">
  <reporter-output>
  </reporter-output>
  <suite started-at="2018-07-12T03:01:06Z" name="Default suite" finished-at="2018-07-12T03:01:22Z" duration-ms="16049">
    <groups>
    </groups>
    <test started-at="2018-07-12T03:01:06Z" name="Default test" finished-at="2018-07-12T03:01:22Z" duration-ms="16049">
      <class name="pomdesign.OrderTests">
        <test-method is-config="true" signature="setUp()[pri:0, instance:pomdesign.OrderTests@d21a74c]" started-at="2018-07-12T03:01:06Z" name="setUp" finished-at="2018-07-12T03:01:17Z" duration-ms="11240" status="PASS">
          <reporter-output>
          </reporter-output>
        </test-method> <!-- setUp -->
        <test-method is-config="true" signature="setUpApplication()[pri:0, instance:pomdesign.OrderTests@d21a74c]" started-at="2018-07-12T03:01:17Z" name="setUpApplication" finished-at="2018-07-12T03:01:18Z" duration-ms="1071" status="PASS">
          <reporter-output>
          </reporter-output>
        </test-method> <!-- setUpApplication -->
        <test-method signature="orderSubmit()[pri:0, instance:pomdesign.OrderTests@d21a74c]" started-at="2018-07-12T03:01:18Z" name="orderSubmit" finished-at="2018-07-12T03:01:22Z" duration-ms="3715" status="PASS">
          <reporter-output>
          </reporter-output>
        </test-method> <!-- orderSubmit -->
      </class> <!-- pomdesign.OrderTests -->
    </test> <!-- Default test -->
  </suite> <!-- Default suite -->
</testng-results>
