<?xml version="1.0" encoding="UTF-8"?>
<testng-results ignored="0" total="1" passed="1" failed="0" skipped="0">
  <reporter-output>
  </reporter-output>
  <suite started-at="2018-07-11T00:27:55Z" name="Default suite" finished-at="2018-07-11T00:28:00Z" duration-ms="5109">
    <groups>
    </groups>
    <test started-at="2018-07-11T00:27:55Z" name="Default test" finished-at="2018-07-11T00:28:00Z" duration-ms="5109">
      <class name="pomdesign.AllProductsTests">
        <test-method is-config="true" signature="setUp()[pri:0, instance:pomdesign.AllProductsTests@d21a74c]" started-at="2018-07-11T00:27:55Z" name="setUp" finished-at="2018-07-11T00:27:59Z" duration-ms="3785" status="PASS">
          <reporter-output>
          </reporter-output>
        </test-method> <!-- setUp -->
        <test-method is-config="true" signature="setUpApplication()[pri:0, instance:pomdesign.AllProductsTests@d21a74c]" started-at="2018-07-11T00:27:59Z" name="setUpApplication" finished-at="2018-07-11T00:27:59Z" duration-ms="284" status="PASS">
          <reporter-output>
          </reporter-output>
        </test-method> <!-- setUpApplication -->
        <test-method signature="labelsVerification()[pri:0, instance:pomdesign.AllProductsTests@d21a74c]" started-at="2018-07-11T00:27:59Z" name="labelsVerification" finished-at="2018-07-11T00:28:00Z" duration-ms="1018" status="PASS">
          <reporter-output>
          </reporter-output>
        </test-method> <!-- labelsVerification -->
      </class> <!-- pomdesign.AllProductsTests -->
    </test> <!-- Default test -->
  </suite> <!-- Default suite -->
</testng-results>
